root has: 
	Dir: comsci
		Date Created: Sun 2016.12.11 at 10:58:46 AM SGT
	Dir: sp
		Date Created: Sun 2016.12.11 at 10:58:46 AM SGT
	Dir: movies
		Date Created: Sun 2016.12.11 at 10:58:46 AM SGT
"mkdir" :syntax is invalid
mkdir: cmsc was added.
root has: 
	Dir: comsci
		Date Created: Sun 2016.12.11 at 10:58:46 AM SGT
	Dir: sp
		Date Created: Sun 2016.12.11 at 10:58:46 AM SGT
	Dir: movies
		Date Created: Sun 2016.12.11 at 10:58:46 AM SGT
	Dir: cmsc
		Date Created: Sun 2016.12.11 at 11:02:55 AM SGT
sp: file already exists
mkdir: sp was not successfully added.
movies: file already exists
mkdir: movies was not successfully added.
root has: 
	Dir: comsci
		Date Created: Sun 2016.12.11 at 10:58:46 AM SGT
	Dir: sp
		Date Created: Sun 2016.12.11 at 10:58:46 AM SGT
	Dir: movies
		Date Created: Sun 2016.12.11 at 10:58:46 AM SGT
	Dir: cmsc
		Date Created: Sun 2016.12.11 at 11:02:55 AM SGT
sp: file already exists
mkdir: sp was not successfully added.
mkdir: cmsc/cmsc11 has invalid syntax
root has: 
	Dir: comsci
		Date Created: Sun 2016.12.11 at 10:58:46 AM SGT
	Dir: sp
		Date Created: Sun 2016.12.11 at 10:58:46 AM SGT
	Dir: movies
		Date Created: Sun 2016.12.11 at 10:58:46 AM SGT
	Dir: cmsc
		Date Created: Sun 2016.12.11 at 11:02:55 AM SGT
mkdir: cmsc/cmsc142 has invalid syntax
root has: 
	Dir: comsci
		Date Created: Sun 2016.12.11 at 10:58:46 AM SGT
	Dir: sp
		Date Created: Sun 2016.12.11 at 10:58:46 AM SGT
	Dir: movies
		Date Created: Sun 2016.12.11 at 10:58:46 AM SGT
	Dir: cmsc
		Date Created: Sun 2016.12.11 at 11:02:55 AM SGT
cd: cmsc11: there is no such directory in root
cd: cmsc is the current directory.
cmsc has: empty.
mkdir: ../movies/romcom has invalid syntax
cmsc has: empty.
cd: ../movies has invalid syntax
cd: ../movies: there is no such directory in cmsc
cmsc has: empty.
cd ..: root is the  current directory.
cd: cmsc/cmsc142 has invalid syntax
cd: cmsc/cmsc142: there is no such directory in root
root has: 
	Dir: comsci
		Date Created: Sun 2016.12.11 at 10:58:46 AM SGT
	Dir: sp
		Date Created: Sun 2016.12.11 at 10:58:46 AM SGT
	Dir: movies
		Date Created: Sun 2016.12.11 at 10:58:46 AM SGT
	Dir: cmsc
		Date Created: Sun 2016.12.11 at 11:02:55 AM SGT
cd: ../../movies/horror has invalid syntax
cd: ../../movies/horror: there is no such directory in root
root has: 
	Dir: comsci
		Date Created: Sun 2016.12.11 at 10:58:46 AM SGT
	Dir: sp
		Date Created: Sun 2016.12.11 at 10:58:46 AM SGT
	Dir: movies
		Date Created: Sun 2016.12.11 at 10:58:46 AM SGT
	Dir: cmsc
		Date Created: Sun 2016.12.11 at 11:02:55 AM SGT
cd: ../../movies/romcom has invalid syntax
cd: ../../movies/romcom: there is no such directory in root
root has: 
	Dir: comsci
		Date Created: Sun 2016.12.11 at 10:58:46 AM SGT
	Dir: sp
		Date Created: Sun 2016.12.11 at 10:58:46 AM SGT
	Dir: movies
		Date Created: Sun 2016.12.11 at 10:58:46 AM SGT
	Dir: cmsc
		Date Created: Sun 2016.12.11 at 11:02:55 AM SGT
cd ..: no further upper directories!
	root is still the  current directory.
cd ..: no further upper directories!
	root is still the  current directory.
cd: cmsc is the current directory.
cd: cmsc142: there is no such directory in cmsc
cd: /root/movies/horror has invalid syntax
cd: /root/movies/horror: there is no such directory in cmsc
cd: ../.. has invalid syntax
cd: ../..: there is no such directory in cmsc
cmsc has: empty.
"cp" :syntax is invalid
cp: cmsc: there is no such file/directory.
cmsc has: empty.
cp: cmsc: there is no such file/directory.
cp: movies: there is no such file/directory.
cp: movies: there is no such file/directory.
cp: movies: there is no such file/directory.
cp: movies: there is no such file/directory.
cmsc has: empty.
cmsc has: empty.
cmsc has: empty.
ls: command movies* is invalid
ls: command move* is invalid
cd: cmsc: there is no such directory in cmsc
cmsc has: empty.
cd: cmsc11: there is no such directory in cmsc
cmsc has: empty.
> : hello.cpp was added.
File: hello.cpp
		Date Created: Sun 2016.12.11 at 11:02:55 AM SGT
show: hello.cpp
CONTENT: 
pakan-a ko
File: hello.cpp
		Date Created: Sun 2016.12.11 at 11:02:55 AM SGT
		Date Modified: Sun 2016.12.11 at 11:03:07 AM SGT
show: hello.cpp
CONTENT: 
pakan-a kogutom?
cmsc has: 
	File: hello.cpp
		Date Created: Sun 2016.12.11 at 11:02:55 AM SGT
		Date Modified: Sun 2016.12.11 at 11:03:07 AM SGT
File: hello.cpp
		Date Created: Sun 2016.12.11 at 11:02:55 AM SGT
		Date Modified: Sun 2016.12.11 at 11:03:11 AM SGT
show: hello.cpp
CONTENT: 
pakan-a kogutom?oo gud 
hello.cpp: file already exists
> : hello.cpp was not successfully added.
show: hello.cpp
CONTENT: 
pakan-a kogutom?oo gud 
cp: we have created a new file 'one.cpp' and have copied hello.cpp successfully
cp: we have created a new file 'two.cpp' and have copied hello.cpp successfully
cp: ../one.cpp has invalid syntax
cp: contents of hello.cpp has been copied to one.cpp
cmsc has: 
	File: hello.cpp
		Date Created: Sun 2016.12.11 at 11:02:55 AM SGT
		Date Modified: Sun 2016.12.11 at 11:03:11 AM SGT
	File: one.cpp
		Date Created: Sun 2016.12.11 at 11:02:55 AM SGT
		Date Modified: Sun 2016.12.11 at 11:03:11 AM SGT
	File: two.cpp
		Date Created: Sun 2016.12.11 at 11:02:55 AM SGT
		Date Modified: Sun 2016.12.11 at 11:03:11 AM SGT
cd ..: root is the  current directory.
root has: 
	Dir: comsci
		Date Created: Sun 2016.12.11 at 10:58:46 AM SGT
	Dir: sp
		Date Created: Sun 2016.12.11 at 10:58:46 AM SGT
	Dir: movies
		Date Created: Sun 2016.12.11 at 10:58:46 AM SGT
	Dir: cmsc
		Date Created: Sun 2016.12.11 at 11:02:55 AM SGT
rn: one.cpp: there is no such file/directory.
root has: 
	Dir: comsci
		Date Created: Sun 2016.12.11 at 10:58:46 AM SGT
	Dir: sp
		Date Created: Sun 2016.12.11 at 10:58:46 AM SGT
	Dir: movies
		Date Created: Sun 2016.12.11 at 10:58:46 AM SGT
	Dir: cmsc
		Date Created: Sun 2016.12.11 at 11:02:55 AM SGT
cd ..: no further upper directories!
	root is still the  current directory.
root has: 
	Dir: comsci
		Date Created: Sun 2016.12.11 at 10:58:46 AM SGT
	Dir: sp
		Date Created: Sun 2016.12.11 at 10:58:46 AM SGT
	Dir: movies
		Date Created: Sun 2016.12.11 at 10:58:46 AM SGT
	Dir: cmsc
		Date Created: Sun 2016.12.11 at 11:02:55 AM SGT
mv: cmsc has been moved to comsci
root has: 
	Dir: comsci
		Date Created: Sun 2016.12.11 at 10:58:46 AM SGT
	Dir: sp
		Date Created: Sun 2016.12.11 at 10:58:46 AM SGT
	Dir: movies
		Date Created: Sun 2016.12.11 at 10:58:46 AM SGT
cd: comsci is the current directory.
comsci has: 
	File: hello.cpp
		Date Created: Sun 2016.12.11 at 10:58:46 AM SGT
		Date Modified: Sun 2016.12.11 at 10:59:27 AM SGT
	File: one.cpp
		Date Created: Sun 2016.12.11 at 10:58:46 AM SGT
		Date Modified: Sun 2016.12.11 at 10:59:27 AM SGT
	File: two.cpp
		Date Created: Sun 2016.12.11 at 10:58:46 AM SGT
		Date Modified: Sun 2016.12.11 at 10:59:27 AM SGT
	Dir: cmsc
		Date Created: Sun 2016.12.11 at 11:02:55 AM SGT
cd ..: root is the  current directory.
cd: cmsc: there is no such directory in root
root has: 
	Dir: comsci
		Date Created: Sun 2016.12.11 at 10:58:46 AM SGT
	Dir: sp
		Date Created: Sun 2016.12.11 at 10:58:46 AM SGT
	Dir: movies
		Date Created: Sun 2016.12.11 at 10:58:46 AM SGT
"okays." :syntax is invalid
"s@v3" :syntax is invalid
